<?xml version="1.0" encoding="UTF-8"?>
<testsuite xmlns:xsi="http://www.w3.org/2001/XMLSchema-instance" xsi:noNamespaceSchemaLocation="https://maven.apache.org/surefire/maven-surefire-plugin/xsd/surefire-test-report-3.0.xsd" version="3.0" name="CreateOrdersTest" time="1.005" tests="8" errors="0" skipped="0" failures="0">
  <properties>
[...]
</properties>
  <testcase name="createOrderCode201_test[Создание заказа.Параметры.Тестовые данные: Елена Иванова Москва 5 89222222222 4 10.09.2023 Комментарий  [Ljava.lang.String;@4d57fc11]" classname="CreateOrdersTest" time="0.063">
    <system-out><![CDATA[HTTP/1.1 201 Created
Access-Control-Allow-Origin: *
Content-Length: 16
Content-Type: application/json; charset=utf-8
Date: Fri, 08 Sep 2023 12:44:41 GMT
ETag: W/"10-Q9rfXTR4ernaOiTrQf/a0hpmXc4"
Set-Cookie: _yasc=LxXkkuq8XBstGOhph+cGXwvO3kSfXyzwTENsoUVhhAWbkNvT8K5MS3SnEuD2X4E9RQ==; domain=.praktikum-services.ru; path=/; expires=Mon, 05 Sep 2033 12:44:41 GMT; secure
X-Powered-By: Express
X-Request-Id: 1694177081728039-2913608345543442179

{
    "track": 423744
}
]]></system-out>
  </testcase>
  <testcase name="createOrderContainsTrack_test[Создание заказа.Параметры.Тестовые данные: Елена Иванова Москва 5 89222222222 4 10.09.2023 Комментарий  [Ljava.lang.String;@4d57fc11]" classname="CreateOrdersTest" time="0.134">
    <system-out><![CDATA[HTTP/1.1 201 Created
Access-Control-Allow-Origin: *
Content-Length: 15
Content-Type: application/json; charset=utf-8
Date: Fri, 08 Sep 2023 12:44:41 GMT
ETag: W/"f-cG0ZRvelEoljkojf7vYE8zJZz7U"
Set-Cookie: _yasc=fBsEV8/CYdblAyC3reDC+Gr9/j4hk7xhXcx1t/9BjFIQ0CG6WgMmTxGRdvItq+4A; domain=.praktikum-services.ru; path=/; expires=Mon, 05 Sep 2033 12:44:41 GMT; secure
X-Powered-By: Express
X-Request-Id: 1694177081832715-244147062652704618

{
    "track": 96266
}
]]></system-out>
  </testcase>
  <testcase name="createOrderCode201_test[Создание заказа.Параметры.Тестовые данные: Елена Иванова Москва 5 89222222222 4 10.09.2023 Комментарий  [Ljava.lang.String;@5e888fba]" classname="CreateOrdersTest" time="0.105">
    <system-out><![CDATA[HTTP/1.1 201 Created
Access-Control-Allow-Origin: *
Content-Length: 15
Content-Type: application/json; charset=utf-8
Date: Fri, 08 Sep 2023 12:44:41 GMT
ETag: W/"f-FZqVGESSrVuffCVlUbzVVZnOQiU"
Set-Cookie: _yasc=EHVEfwh/6XM4uQA/2TNS8y6ycV5JYL3W48Np/28hwl9nNyE5h5J/BV5dsAmLcwDf; domain=.praktikum-services.ru; path=/; expires=Mon, 05 Sep 2033 12:44:41 GMT; secure
X-Powered-By: Express
X-Request-Id: 1694177081954471-12758512774413588252

{
    "track": 47987
}
]]></system-out>
  </testcase>
  <testcase name="createOrderContainsTrack_test[Создание заказа.Параметры.Тестовые данные: Елена Иванова Москва 5 89222222222 4 10.09.2023 Комментарий  [Ljava.lang.String;@5e888fba]" classname="CreateOrdersTest" time="0.153">
    <system-out><![CDATA[HTTP/1.1 201 Created
Access-Control-Allow-Origin: *
Content-Length: 16
Content-Type: application/json; charset=utf-8
Date: Fri, 08 Sep 2023 12:44:42 GMT
ETag: W/"10-UQ8vWov9TfrKBi6vw4/YlZv/pVY"
Set-Cookie: _yasc=riGLz7RXjwJGZDOF3tsUrRIjquiecfxgfwT30mp414Ue3A1eb+VtAwIZC5r5RIZldg==; domain=.praktikum-services.ru; path=/; expires=Mon, 05 Sep 2033 12:44:42 GMT; secure
X-Powered-By: Express
X-Request-Id: 1694177082030177-15264904626949447820

{
    "track": 428906
}
]]></system-out>
  </testcase>
  <testcase name="createOrderCode201_test[Создание заказа.Параметры.Тестовые данные: Елена Иванова Москва 5 89222222222 4 10.09.2023 Комментарий  [Ljava.lang.String;@3d2af8d7]" classname="CreateOrdersTest" time="0.099">
    <system-out><![CDATA[HTTP/1.1 201 Created
Access-Control-Allow-Origin: *
Content-Length: 16
Content-Type: application/json; charset=utf-8
Date: Fri, 08 Sep 2023 12:44:42 GMT
ETag: W/"10-kFNVCBZPQC4mGlTnZYOXKpKJQvI"
Set-Cookie: _yasc=Js2fIiUxfWDTEGGyLC3tKMjjF/swlJKDQ7YzBny8OTU/SXLE9pR8L6mqtL0lSK9R; domain=.praktikum-services.ru; path=/; expires=Mon, 05 Sep 2033 12:44:42 GMT; secure
X-Powered-By: Express
X-Request-Id: 1694177082198599-5064691301096885767

{
    "track": 357006
}
]]></system-out>
  </testcase>
  <testcase name="createOrderContainsTrack_test[Создание заказа.Параметры.Тестовые данные: Елена Иванова Москва 5 89222222222 4 10.09.2023 Комментарий  [Ljava.lang.String;@3d2af8d7]" classname="CreateOrdersTest" time="0.132">
    <system-out><![CDATA[HTTP/1.1 201 Created
Access-Control-Allow-Origin: *
Content-Length: 16
Content-Type: application/json; charset=utf-8
Date: Fri, 08 Sep 2023 12:44:42 GMT
ETag: W/"10-H/y6QaPgHavgwB9P7HIj+6pwB5Q"
Set-Cookie: _yasc=oV/SxjNs6HurhjmdNSEbSHmP6+Hw6GZf09IaDSTbaYQA2u2XFXO1mB+SJ6CPb4xe6g==; domain=.praktikum-services.ru; path=/; expires=Mon, 05 Sep 2033 12:44:42 GMT; secure
X-Powered-By: Express
X-Request-Id: 1694177082329393-6434814009481971601

{
    "track": 981716
}
]]></system-out>
  </testcase>
  <testcase name="createOrderCode201_test[Создание заказа.Параметры.Тестовые данные: Елена Иванова Москва 5 89222222222 4 10.09.2023 Комментарий  [Ljava.lang.String;@22071f0]" classname="CreateOrdersTest" time="0.183">
    <system-out><![CDATA[HTTP/1.1 201 Created
Access-Control-Allow-Origin: *
Content-Length: 16
Content-Type: application/json; charset=utf-8
Date: Fri, 08 Sep 2023 12:44:42 GMT
ETag: W/"10-9Fba2Esh8hB+K6TkobKFlOm9MPI"
Set-Cookie: _yasc=49M/UpR8I4jZkAxFR2JYrDJz0gWt1s8uRk3WQ5fyE/HTbm4ZutkkKowscfXcZqmyiQ==; domain=.praktikum-services.ru; path=/; expires=Mon, 05 Sep 2033 12:44:42 GMT; secure
X-Powered-By: Express
X-Request-Id: 1694177082430543-2712765964674586440

{
    "track": 270505
}
]]></system-out>
  </testcase>
  <testcase name="createOrderContainsTrack_test[Создание заказа.Параметры.Тестовые данные: Елена Иванова Москва 5 89222222222 4 10.09.2023 Комментарий  [Ljava.lang.String;@22071f0]" classname="CreateOrdersTest" time="0.128">
    <system-out><![CDATA[HTTP/1.1 201 Created
Access-Control-Allow-Origin: *
Content-Length: 16
Content-Type: application/json; charset=utf-8
Date: Fri, 08 Sep 2023 12:44:42 GMT
ETag: W/"10-oa/BXKaVrA2o+9o/q4AJ7eyKD/U"
Set-Cookie: _yasc=3/HOLC7bb17i09pF5hnGgKwoqax9hkOQavJBXjTETP+thCvwPkdxrmTJr8yNCdlrtg==; domain=.praktikum-services.ru; path=/; expires=Mon, 05 Sep 2033 12:44:42 GMT; secure
X-Powered-By: Express
X-Request-Id: 1694177082630671-7321886307062577358

{
    "track": 704689
}
]]></system-out>
  </testcase>
</testsuite>