<?xml version="1.0" encoding="UTF-8"?>
<testsuite xmlns:xsi="http://www.w3.org/2001/XMLSchema-instance" xsi:noNamespaceSchemaLocation="https://maven.apache.org/surefire/maven-surefire-plugin/xsd/surefire-test-report-3.0.xsd" version="3.0" name="GetOrdersListTest" time="15.7" tests="1" errors="0" skipped="0" failures="0">
  <properties>
[...]
</properties>
  <testcase name="getOrdersList" classname="GetOrdersListTest" time="15.697">
    <system-out><![CDATA[HTTP/1.1 201 Created
Access-Control-Allow-Origin: *
Content-Length: 16
Content-Type: application/json; charset=utf-8
Date: Fri, 08 Sep 2023 12:44:42 GMT
ETag: W/"10-9Qsr667cgeiSW1bP0hBvb66dOEE"
Set-Cookie: _yasc=jJfd4ETuH7OTbJ8UD/tTEY0g5T0yGAP/xgZ3jp3hgBfjCzGUANV820Pm4krp1uDg; domain=.praktikum-services.ru; path=/; expires=Mon, 05 Sep 2033 12:44:42 GMT; secure
X-Powered-By: Express
X-Request-Id: 1694177082760076-12029209061670988467

{
    "track": 667500
}
HTTP/1.1 201 Created
Access-Control-Allow-Origin: *
Content-Length: 16
Content-Type: application/json; charset=utf-8
Date: Fri, 08 Sep 2023 12:44:42 GMT
ETag: W/"10-gr/WicLoTHNV7gG4y1gfRM9fLFw"
Set-Cookie: _yasc=cxT3hO2TiMljp0IyEKMH/s/JLs2IS/qfWdnvvuFUYAzkzLHBI2D7KnxQcTc9SZOdzg==; domain=.praktikum-services.ru; path=/; expires=Mon, 05 Sep 2033 12:44:42 GMT; secure
X-Powered-By: Express
X-Request-Id: 1694177082821206-16199483791752712023

{
    "track": 425971
}
HTTP/1.1 200 OK
Access-Control-Allow-Origin: *
Content-Length: 26709
Content-Type: application/json; charset=utf-8
Date: Fri, 08 Sep 2023 12:44:57 GMT
ETag: W/"6855-QxIxhcJ7UFFOJDPrf5NpGZfNb+o"
Set-Cookie: _yasc=o1/Pho7MCLxMQBaGnhMKgIsVCfG7s/0+1V7pW2PxqfNAH/NC1XbbH0qSluMqgR4D; domain=.praktikum-services.ru; path=/; expires=Mon, 05 Sep 2033 12:44:42 GMT; secure
X-Powered-By: Express
X-Request-Id: 1694177082911632-3118133818975497821

{
    "orders": [
        {
            "id": 182513,
            "courierId": null,
            "firstName": null,
            "lastName": null,
            "address": null,
            "metroStation": null,
            "phone": null,
            "rentTime": 0,
            "deliveryDate": null,
            "track": 658059,
            "color": null,
            "comment": null,
            "createdAt": "2023-07-04T08:22:39.730Z",
            "updatedAt": "2023-07-04T08:22:39.730Z",
            "status": 0
        },
        {
            "id": 182343,
            "courierId": null,
            "firstName": null,
            "lastName": null,
            "address": null,
            "metroStation": null,
            "phone": null,
            "rentTime": 0,
            "deliveryDate": null,
            "track": 99401,
            "color": [
                
            ],
            "comment": null,
            "createdAt": "2023-07-03T20:44:02.601Z",
            "updatedAt": "2023-07-03T20:44:02.601Z",
            "status": 0
        },
        {
            "id": 375,
            "courierId": null,
            "firstName": "Пользователь",
            "lastName": "Тестовый",
            "address": "Москва ул.Берзина 30",
            "metroStation": "2",
            "phone": "+79112223344",
            "rentTime": 1,
            "deliveryDate": "2021-09-29T22:00:00.000Z",
            "track": 706348,
            "color": [
                "BLACK"
            ],
            "comment": "Автоматизированый тест",
            "createdAt": "2021-10-01T10:58:47.075Z",
            "updatedAt": "2021-10-01T10:58:47.075Z",
            "status": 0
        },
        {
            "id": 381,
            "courierId": null,
            "firstName": "Пользователь",
            "lastName": "Тестовый",
            "address": "Москва ул.Берзина 30",
            "metroStation": "2",
            "phone": "+79112223344",
            "rentTime": 1,
            "deliveryDate": "2021-09-29T22:00:00.000Z",
            "track": 412625,
            "color": [
                "BLACK"
            ],
            "comment": "Автоматизированый тест",
            "createdAt": "2021-10-01T11:02:26.593Z",
            "updatedAt": "2021-10-01T11:02:26.593Z",
            "status": 0
        },
        {
            "id": 373,
            "courierId": null,
            "firstName": "Тест",
            "lastName": "Тест",
            "address": "Москва",
            "metroStation": "2",
            "phone": "89112234455",
            "rentTime": 3,
            "deliveryDate": "2021-10-03T22:00:00.000Z",
            "track": 931952,
            "color": [
                
            ],
            "comment": "",
            "createdAt": "2021-10-01T10:56:10.718Z",
            "updatedAt": "2021-10-01T10:56:10.718Z",
            "status": 0
        },
        {
            "id": 362,
            "courierId": null,
            "firstName": "Василий",
            "lastName": "Петров",
            "address": "Москва",
            "metroStation": "7",
            "phone": "11111111111",
            "rentTime": 6,
            "deliveryDate": "2021-12-09T18:00:00.000Z",
            "track": 871290,
            "color": [
                "BLACK"
            ],
            "comment": "-",
            "createdAt": "2021-10-01T10:36:54.625Z",
            "updatedAt": "2021-10-01T10:36:54.625Z",
            "status": 0
        },
        {
            "id": 364,
            "courierId": null,
            "firstName": "Василий",
            "lastName": "Петров",
            "address": "Москва",
            "metroStation": "7",
            "phone": "11111111111",
            "rentTime": 6,
            "deliveryDate": "2021-12-09T18:00:00.000Z",
            "track": 289393,
            "color": [
                "BLACK"
            ],
            "comment": "-",
            "createdAt": "2021-10-01T10:38:18.894Z",
            "updatedAt": "2021-10-01T10:38:18.894Z",
            "status": 0
        },
        {
            "id": 366,
            "courierId": null,
            "firstName": "Василий",
            "lastName": "Петров",
            "address": "Москва",
            "metroStation": "7",
            "phone": "11111111111",
            "rentTime": 6,
            "deliveryDate": "2021-12-09T18:00:00.000Z",
            "track": 853367,
            "color": [
                "BLACK"
            ],
            "comment": "-",
            "createdAt": "2021-10-01T10:44:02.055Z",
            "updatedAt": "2021-10-01T10:44:02.055Z",
            "status": 0
        },
        {
            "id": 367,
            "courierId": null,
            "firstName": "Василий",
            "lastName": "Петров",
            "address": "Москва",
            "metroStation": "7",
            "phone": "11111111111",
            "rentTime": 6,
            "deliveryDate": "2021-12-09T18:00:00.000Z",
            "track": 44937,
            "color": [
                "BLACK"
            ],
            "comment": "-",
            "createdAt": "2021-10-01T10:47:31.631Z",
            "updatedAt": "2021-10-01T10:47:31.631Z",
            "status": 0
        },
        {
            "id": 372,
            "courierId": null,
            "firstName": "Василий",
            "lastName": "Петров",
            "address": "Москва",
            "metroStation": "7",
            "phone": "11111111111",
            "rentTime": 6,
            "deliveryDate": "2021-12-09T18:00:00.000Z",
            "track": 718766,
            "color": [
                "BLACK"
            ],
            "comment": "-",
            "createdAt": "2021-10-01T10:54:35.419Z",
            "updatedAt": "2021-10-01T10:54:35.419Z",
            "status": 0
        },
        {
            "id": 298,
            "courierId": null,
            "firstName": "Наталья",
            "lastName": "Губанова",
            "address": "Москва, ул. Туристская, д.4к4",
            "metroStation": "117",
            "phone": "+79779816818",
            "rentTime": 4,
            "deliveryDate": "2021-12-22T21:00:00.000Z",
            "track": 772777,
            "color": [
                "GREY"
            ],
            "comment": "Было бы удобно в 13:00",
            "createdAt": "2021-09-30T22:16:45.923Z",
            "updatedAt": "2021-09-30T22:16:45.923Z",
            "status": 0
        },
        {
            "id": 351,
            "courierId": null,
            "firstName": "Наталья",
            "lastName": "Губанова",
            "address": "Москва, ул. Туристская, д.4к4",
            "metroStation": "117",
            "phone": "+79779816818",
            "rentTime": 4,
            "deliveryDate": "2021-12-22T21:00:00.000Z",
            "track": 329106,
            "color": [
                "GREY"
            ],
            "comment": "Было бы удобно в 13:00",
            "createdAt": "2021-10-01T09:43:34.269Z",
            "updatedAt": "2021-10-01T09:43:34.269Z",
            "status": 0
        },
        {
            "id": 352,
            "courierId": null,
            "firstName": "Наталья",
            "lastName": "Губанова",
            "address": "Москва, ул. Туристская, д.4к4",
            "metroStation": "117",
            "phone": "+79779816818",
            "rentTime": 4,
            "deliveryDate": "2021-12-22T21:00:00.000Z",
            "track": 661242,
            "color": [
                "GREY"
            ],
            "comment": "Было бы удобно в 13:00",
            "createdAt": "2021-10-01T09:45:58.312Z",
            "updatedAt": "2021-10-01T09:45:58.312Z",
            "status": 0
        },
        {
            "id": 353,
            "courierId": null,
            "firstName": "Наталья",
            "lastName": "Губанова",
            "address": "Москва, ул. Туристская, д.4к4",
            "metroStation": "117",
            "phone": "+79779816818",
            "rentTime": 4,
            "deliveryDate": "2021-12-22T21:00:00.000Z",
            "track": 776152,
            "color": [
                "GREY"
            ],
            "comment": "Было бы удобно в 13:00",
            "createdAt": "2021-10-01T09:49:13.236Z",
            "updatedAt": "2021-10-01T09:49:13.236Z",
            "status": 0
        },
        {
            "id": 356,
            "courierId": null,
            "firstName": "Наталья",
            "lastName": "Губанова",
            "address": "Москва, ул. Туристская, д.4к4",
            "metroStation": "117",
            "phone": "+79779816818",
            "rentTime": 4,
            "deliveryDate": "2021-12-22T21:00:00.000Z",
            "track": 117312,
            "color": [
                "GREY"
            ],
            "comment": "Было бы удобно в 13:00",
            "createdAt": "2021-10-01T09:58:31.152Z",
            "updatedAt": "2021-10-01T09:58:31.152Z",
            "status": 0
        },
        {
            "id": 357,
            "courierId": null,
            "firstName": "Наталья",
            "lastName": "Губанова",
            "address": "Москва, ул. Туристская, д.4к4",
            "metroStation": "117",
            "phone": "+79779816818",
            "rentTime": 4,
            "deliveryDate": "2021-12-22T21:00:00.000Z",
            "track": 807584,
            "color": [
                "GREY"
            ],
            "comment": "Было бы удобно в 13:00",
            "createdAt": "2021-10-01T09:59:38.453Z",
            "updatedAt": "2021-10-01T09:59:38.453Z",
            "status": 0
        },
        {
            "id": 358,
            "courierId": null,
            "firstName": "Наталья",
            "lastName": "Губанова",
            "address": "Москва, ул. Туристская, д.4к4",
            "metroStation": "117",
            "phone": "+79779816818",
            "rentTime": 4,
            "deliveryDate": "2021-12-22T21:00:00.000Z",
            "track": 597901,
            "color": [
                "GREY"
            ],
            "comment": "Было бы удобно в 13:00",
            "createdAt": "2021-10-01T10:00:25.958Z",
            "updatedAt": "2021-10-01T10:00:25.958Z",
            "status": 0
        },
        {
            "id": 359,
            "courierId": null,
            "firstName": "Наталья",
            "lastName": "Губанова",
            "address": "Москва, ул. Туристская, д.4к4",
            "metroStation": "117",
            "phone": "+79779816818",
            "rentTime": 4,
            "deliveryDate": "2021-12-22T21:00:00.000Z",
            "track": 298256,
            "color": [
                "GREY"
            ],
            "comment": "Было бы удобно в 13:00",
            "createdAt": "2021-10-01T10:28:40.384Z",
            "updatedAt": "2021-10-01T10:28:40.384Z",
            "status": 0
        },
        {
            "id": 360,
            "courierId": null,
            "firstName": "Наталья",
            "lastName": "Губанова",
            "address": "Москва, ул. Туристская, д.4к4",
            "metroStation": "117",
            "phone": "+79779816818",
            "rentTime": 4,
            "deliveryDate": "2021-12-22T21:00:00.000Z",
            "track": 994317,
            "color": [
                "GREY"
            ],
            "comment": "Было бы удобно в 13:00",
            "createdAt": "2021-10-01T10:29:55.744Z",
            "updatedAt": "2021-10-01T10:29:55.744Z",
            "status": 0
        },
        {
            "id": 363,
            "courierId": null,
            "firstName": "Наталья",
            "lastName": "Губанова",
            "address": "Москва, ул. Туристская, д.4к4",
            "metroStation": "117",
            "phone": "+79779816818",
            "rentTime": 4,
            "deliveryDate": "2021-12-22T21:00:00.000Z",
            "track": 559048,
            "color": [
                "GREY"
            ],
            "comment": "Было бы удобно в 13:00",
            "createdAt": "2021-10-01T10:37:11.071Z",
            "updatedAt": "2021-10-01T10:37:11.071Z",
            "status": 0
        },
        {
            "id": 374,
            "courierId": null,
            "firstName": "Наталья",
            "lastName": "Губанова",
            "address": "Москва, ул. Туристская, д.4к4",
            "metroStation": "117",
            "phone": "+79779816818",
            "rentTime": 4,
            "deliveryDate": "2021-12-22T21:00:00.000Z",
            "track": 129764,
            "color": [
                "GREY"
            ],
            "comment": "Было бы удобно в 13:00",
            "createdAt": "2021-10-01T10:57:17.146Z",
            "updatedAt": "2021-10-01T10:57:17.146Z",
            "status": 0
        },
        {
            "id": 376,
            "courierId": null,
            "firstName": "Наталья",
            "lastName": "Губанова",
            "address": "Москва, ул. Туристская, д.4к4",
            "metroStation": "117",
            "phone": "+79779816818",
            "rentTime": 4,
            "deliveryDate": "2021-12-22T21:00:00.000Z",
            "track": 937232,
            "color": [
                "GREY"
            ],
            "comment": "Было бы удобно в 13:00",
            "createdAt": "2021-10-01T10:59:24.074Z",
            "updatedAt": "2021-10-01T10:59:24.074Z",
            "status": 0
        },
        {
            "id": 377,
            "courierId": null,
            "firstName": "Наталья",
            "lastName": "Губанова",
            "address": "Москва, ул. Туристская, д.4к4",
            "metroStation": "117",
            "phone": "+79779816818",
            "rentTime": 4,
            "deliveryDate": "2021-12-22T21:00:00.000Z",
            "track": 240601,
            "color": [
                "GREY"
            ],
            "comment": "Было бы удобно в 13:00",
            "createdAt": "2021-10-01T11:00:08.190Z",
            "updatedAt": "2021-10-01T11:00:08.190Z",
            "status": 0
        },
        {
            "id": 378,
            "courierId": null,
            "firstName": "Наталья",
            "lastName": "Губанова",
            "address": "Москва, ул. Туристская, д.4к4",
            "metroStation": "117",
            "phone": "+79779816818",
            "rentTime": 4,
            "deliveryDate": "2021-12-22T21:00:00.000Z",
            "track": 13832,
            "color": [
                "GREY"
            ],
            "comment": "Было бы удобно в 13:00",
            "createdAt": "2021-10-01T11:00:34.350Z",
            "updatedAt": "2021-10-01T11:00:34.350Z",
            "status": 0
        },
        {
            "id": 379,
            "courierId": null,
            "firstName": "Наталья",
            "lastName": "Губанова",
            "address": "Москва, ул. Туристская, д.4к4",
            "metroStation": "117",
            "phone": "+79779816818",
            "rentTime": 4,
            "deliveryDate": "2021-12-22T21:00:00.000Z",
            "track": 697617,
            "color": [
                "GREY"
            ],
            "comment": "Было бы удобно в 13:00",
            "createdAt": "2021-10-01T11:00:51.510Z",
            "updatedAt": "2021-10-01T11:00:51.510Z",
            "status": 0
        },
        {
            "id": 380,
            "courierId": null,
            "firstName": "Наталья",
            "lastName": "Губанова",
            "address": "Москва, ул. Туристская, д.4к4",
            "metroStation": "117",
            "phone": "+79779816818",
            "rentTime": 4,
            "deliveryDate": "2021-12-22T21:00:00.000Z",
            "track": 649729,
            "color": [
                "GREY"
            ],
            "comment": "Было бы удобно в 13:00",
            "createdAt": "2021-10-01T11:01:37.985Z",
            "updatedAt": "2021-10-01T11:01:37.985Z",
            "status": 0
        },
        {
            "id": 315,
            "courierId": null,
            "firstName": "Марчи",
            "lastName": "Пух",
            "address": "Чистопольская 23",
            "metroStation": "12",
            "phone": "+71234567890",
            "rentTime": 3,
            "deliveryDate": "2023-01-15T21:00:00.000Z",
            "track": 794144,
            "color": [
                "BLACK"
            ],
            "comment": "privet",
            "createdAt": "2021-10-01T06:54:32.352Z",
            "updatedAt": "2021-10-01T06:54:32.352Z",
            "status": 0
        },
        {
            "id": 316,
            "courierId": null,
            "firstName": "Марчи",
            "lastName": "Пух",
            "address": "Чистопольская 23",
            "metroStation": "12",
            "phone": "+71234567890",
            "rentTime": 3,
            "deliveryDate": "2023-01-15T21:00:00.000Z",
            "track": 47968,
            "color": [
                "BLACK"
            ],
            "comment": "privet",
            "createdAt": "2021-10-01T06:55:50.018Z",
            "updatedAt": "2021-10-01T06:55:50.018Z",
            "status": 0
        },
        {
            "id": 137889,
            "courierId": null,
            "firstName": "jOFNBWvR",
            "lastName": "fOwqLRwv",
            "address": "sVFqnnnF",
            "metroStation": "xoOVdLxG",
            "phone": "viCGfItc",
            "rentTime": 2710,
            "deliveryDate": "2023-03-16T18:33:24.571Z",
            "track": 238523,
            "color": [
                "BLACK",
                "GREY"
            ],
            "comment": "bmZAmXms",
            "createdAt": "2023-02-16T18:33:24.714Z",
            "updatedAt": "2023-02-16T18:33:24.714Z",
            "status": 0
        },
        {
            "id": 192590,
            "courierId": null,
            "firstName": "Анастасия",
            "lastName": "Потап",
            "address": "Москва",
            "metroStation": "1",
            "phone": "89045678905",
            "rentTime": 1,
            "deliveryDate": "2023-07-05T21:00:00.000Z",
            "track": 705546,
            "color": [
                "BLACK"
            ],
            "comment": "",
            "createdAt": "2023-07-31T16:25:15.739Z",
            "updatedAt": "2023-07-31T16:25:15.739Z",
            "status": 0
        }
    ],
    "pageInfo": {
        "page": 0,
        "total": 167742,
        "limit": 30
    },
    "availableStations": [
        {
            "name": "Бульвар Рокоссовского",
            "number": "1",
            "color": "#D92B2C"
        },
        {
            "name": "Охотный Ряд",
            "number": "10",
            "color": "#D92B2C"
        },
        {
            "name": "Сухаревская",
            "number": "100",
            "color": "#F07025"
        },
        {
            "name": "Тургеневская",
            "number": "101",
            "color": "#F07025"
        },
        {
            "name": "Китай-город",
            "number": "102",
            "color": "#F07025"
        },
        {
            "name": "Третьяковская",
            "number": "103",
            "color": "#F07025"
        },
        {
            "name": "Октябрьская",
            "number": "104",
            "color": "#F07025"
        },
        {
            "name": "Шаболовская",
            "number": "105",
            "color": "#F07025"
        },
        {
            "name": "Ленинский проспект",
            "number": "106",
            "color": "#F07025"
        },
        {
            "name": "Академическая",
            "number": "107",
            "color": "#F07025"
        },
        {
            "name": "Профсоюзная",
            "number": "108",
            "color": "#F07025"
        },
        {
            "name": "Новые Черёмушки",
            "number": "109",
            "color": "#F07025"
        },
        {
            "name": "Библиотека имени Ленина",
            "number": "11",
            "color": "#D92B2C"
        },
        {
            "name": "Калужская",
            "number": "110",
            "color": "#F07025"
        },
        {
            "name": "Беляево",
            "number": "111",
            "color": "#F07025"
        },
        {
            "name": "Коньково",
            "number": "112",
            "color": "#F07025"
        },
        {
            "name": "Тёплый Стан",
            "number": "113",
            "color": "#F07025"
        },
        {
            "name": "Ясенево",
            "number": "114",
            "color": "#F07025"
        },
        {
            "name": "Новоясеневская",
            "number": "115",
            "color": "#F07025"
        },
        {
            "name": "Планерная",
            "number": "116",
            "color": "#89339E"
        },
        {
            "name": "Сходненская",
            "number": "117",
            "color": "#89339E"
        },
        {
            "name": "Тушинская",
            "number": "118",
            "color": "#89339E"
        },
        {
            "name": "Спартак",
            "number": "119",
            "color": "#89339E"
        },
        {
            "name": "Кропоткинская",
            "number": "12",
            "color": "#D92B2C"
        },
        {
            "name": "Щукинская",
            "number": "120",
            "color": "#89339E"
        },
        {
            "name": "Октябрьское поле",
            "number": "121",
            "color": "#89339E"
        },
        {
            "name": "Полежаевская",
            "number": "122",
            "color": "#89339E"
        },
        {
            "name": "Беговая",
            "number": "123",
            "color": "#89339E"
        },
        {
            "name": "Улица 1905 года",
            "number": "124",
            "color": "#89339E"
        },
        {
            "name": "Баррикадная",
            "number": "125",
            "color": "#89339E"
        },
        {
            "name": "Пушкинская",
            "number": "126",
            "color": "#89339E"
        },
        {
            "name": "Кузнецкий Мост",
            "number": "127",
            "color": "#89339E"
        },
        {
            "name": "Китай-город",
            "number": "128",
            "color": "#89339E"
        },
        {
            "name": "Таганская",
            "number": "129",
            "color": "#89339E"
        },
        {
            "name": "Парк культуры",
            "number": "13",
            "color": "#D92B2C"
        },
        {
            "name": "Пролетарская",
            "number": "130",
            "color": "#89339E"
        },
        {
            "name": "Волгоградский проспект",
            "number": "131",
            "color": "#89339E"
        },
        {
            "name": "Текстильщики",
            "number": "132",
            "color": "#89339E"
        },
        {
            "name": "Кузьминки",
            "number": "133",
            "color": "#89339E"
        },
        {
            "name": "Рязанский проспект",
            "number": "134",
            "color": "#89339E"
        },
        {
            "name": "Выхино",
            "number": "135",
            "color": "#89339E"
        },
        {
            "name": "Лермонтовский проспект",
            "number": "136",
            "color": "#89339E"
        },
        {
            "name": "Жулебино",
            "number": "137",
            "color": "#89339E"
        },
        {
            "name": "Котельники",
            "number": "138",
            "color": "#89339E"
        },
        {
            "name": "Раменки",
            "number": "139",
            "color": "#FBC81E"
        },
        {
            "name": "Фрунзенская",
            "number": "14",
            "color": "#D92B2C"
        },
        {
            "name": "Ломоносовский проспект",
            "number": "140",
            "color": "#FBC81E"
        },
        {
            "name": "Минская",
            "number": "141",
            "color": "#FBC81E"
        },
        {
            "name": "Парк Победы",
            "number": "142",
            "color": "#FBC81E"
        },
        {
            "name": "Деловой центр",
            "number": "143",
            "color": "#FBC81E"
        },
        {
            "name": "Третьяковская",
            "number": "144",
            "color": "#FBC81E"
        },
        {
            "name": "Марксистская",
            "number": "145",
            "color": "#FBC81E"
        },
        {
            "name": "Площадь Ильича",
            "number": "146",
            "color": "#FBC81E"
        },
        {
            "name": "Авиамоторная",
            "number": "147",
            "color": "#FBC81E"
        },
        {
            "name": "Шоссе Энтузиастов",
            "number": "148",
            "color": "#FBC81E"
        },
        {
            "name": "Перово",
            "number": "149",
            "color": "#FBC81E"
        },
        {
            "name": "Спортивная",
            "number": "15",
            "color": "#D92B2C"
        },
        {
            "name": "Новогиреево",
            "number": "150",
            "color": "#FBC81E"
        },
        {
            "name": "Новокосино",
            "number": "151",
            "color": "#FBC81E"
        },
        {
            "name": "Алтуфьево",
            "number": "152",
            "color": "#9F9F9F"
        },
        {
            "name": "Бибирево",
            "number": "153",
            "color": "#9F9F9F"
        },
        {
            "name": "Отрадное",
            "number": "154",
            "color": "#9F9F9F"
        },
        {
            "name": "Владыкино",
            "number": "155",
            "color": "#9F9F9F"
        },
        {
            "name": "Петровско-Разумовская",
            "number": "156",
            "color": "#9F9F9F"
        },
        {
            "name": "Тимирязевская",
            "number": "157",
            "color": "#9F9F9F"
        },
        {
            "name": "Дмитровская",
            "number": "158",
            "color": "#9F9F9F"
        },
        {
            "name": "Савёловская",
            "number": "159",
            "color": "#9F9F9F"
        },
        {
            "name": "Воробьёвы горы",
            "number": "16",
            "color": "#D92B2C"
        },
        {
            "name": "Менделеевская",
            "number": "160",
            "color": "#9F9F9F"
        },
        {
            "name": "Цветной бульвар",
            "number": "161",
            "color": "#9F9F9F"
        },
        {
            "name": "Чеховская",
            "number": "162",
            "color": "#9F9F9F"
        },
        {
            "name": "Боровицкая",
            "number": "163",
            "color": "#9F9F9F"
        },
        {
            "name": "Полянка",
            "number": "164",
            "color": "#9F9F9F"
        },
        {
            "name": "Серпуховская",
            "number": "165",
            "color": "#9F9F9F"
        },
        {
            "name": "Тульская",
            "number": "166",
            "color": "#9F9F9F"
        },
        {
            "name": "Нагатинская",
            "number": "167",
            "color": "#9F9F9F"
        },
        {
            "name": "Нагорная",
            "number": "168",
            "color": "#9F9F9F"
        },
        {
            "name": "Нахимовский проспект",
            "number": "169",
            "color": "#9F9F9F"
        },
        {
            "name": "Университет",
            "number": "17",
            "color": "#D92B2C"
        },
        {
            "name": "Севастопольская",
            "number": "170",
            "color": "#9F9F9F"
        },
        {
            "name": "Чертановская",
            "number": "171",
            "color": "#9F9F9F"
        },
        {
            "name": "Южная",
            "number": "172",
            "color": "#9F9F9F"
        },
        {
            "name": "Пражская",
            "number": "173",
            "color": "#9F9F9F"
        },
        {
            "name": "Улица Академика Янгеля",
            "number": "174",
            "color": "#9F9F9F"
        },
        {
            "name": "Аннино",
            "number": "175",
            "color": "#9F9F9F"
        },
        {
            "name": "Бульвар Дмитрия Донского",
            "number": "176",
            "color": "#9F9F9F"
        },
        {
            "name": "Петровско-Разумовская",
            "number": "177",
            "color": "#A8D92D"
        },
        {
            "name": "Фонвизинская",
            "number": "178",
            "color": "#A8D92D"
        },
        {
            "name": "Бутырская",
            "number": "179",
            "color": "#A8D92D"
        },
        {
            "name": "Проспект Вернадского",
            "number": "18",
            "color": "#D92B2C"
        },
        {
            "name": "Марьина роща",
            "number": "180",
            "color": "#A8D92D"
        },
        {
            "name": "Достоевская",
            "number": "181",
            "color": "#A8D92D"
        },
        {
            "name": "Трубная",
            "number": "182",
            "color": "#A8D92D"
        },
        {
            "name": "Сретенский бульвар",
            "number": "183",
            "color": "#A8D92D"
        },
        {
            "name": "Чкаловская",
            "number": "184",
            "color": "#A8D92D"
        },
        {
            "name": "Римская",
            "number": "185",
            "color": "#A8D92D"
        },
        {
            "name": "Крестьянская застава",
            "number": "186",
            "color": "#A8D92D"
        },
        {
            "name": "Дубровка",
            "number": "187",
            "color": "#A8D92D"
        },
        {
            "name": "Кожуховская",
            "number": "188",
            "color": "#A8D92D"
        },
        {
            "name": "Печатники",
            "number": "189",
            "color": "#A8D92D"
        },
        {
            "name": "Юго-Западная",
            "number": "19",
            "color": "#D92B2C"
        },
        {
            "name": "Волжская",
            "number": "190",
            "color": "#A8D92D"
        },
        {
            "name": "Люблино",
            "number": "191",
            "color": "#A8D92D"
        },
        {
            "name": "Братиславская",
            "number": "192",
            "color": "#A8D92D"
        },
        {
            "name": "Марьино",
            "number": "193",
            "color": "#A8D92D"
        },
        {
            "name": "Борисово",
            "number": "194",
            "color": "#A8D92D"
        },
        {
            "name": "Шипиловская",
            "number": "195",
            "color": "#A8D92D"
        },
        {
            "name": "Зябликово",
            "number": "196",
            "color": "#A8D92D"
        },
        {
            "name": "Каширская",
            "number": "197",
            "color": "#80D4C9"
        },
        {
            "name": "Варшавская",
            "number": "198",
            "color": "#80D4C9"
        },
        {
            "name": "Каховская",
            "number": "199",
            "color": "#80D4C9"
        },
        {
            "name": "Черкизовская",
            "number": "2",
            "color": "#D92B2C"
        },
        {
            "name": "Тропарёво",
            "number": "20",
            "color": "#D92B2C"
        },
        {
            "name": "Битцевский парк",
            "number": "200",
            "color": "#B0BFE7"
        },
        {
            "name": "Лесопарковая",
            "number": "201",
            "color": "#B0BFE7"
        },
        {
            "name": "Улица Старокачаловская",
            "number": "202",
            "color": "#B0BFE7"
        },
        {
            "name": "Улица Скобелевская",
            "number": "203",
            "color": "#B0BFE7"
        },
        {
            "name": "Бульвар Адмирала Ушакова",
            "number": "204",
            "color": "#B0BFE7"
        },
        {
            "name": "Улица Горчакова",
            "number": "205",
            "color": "#B0BFE7"
        },
        {
            "name": "Бунинская аллея",
            "number": "206",
            "color": "#B0BFE7"
        },
        {
            "name": "Окружная",
            "number": "207",
            "color": "#efadb5"
        },
        {
            "name": "Владыкино",
            "number": "208",
            "color": "#efadb5"
        },
        {
            "name": "Ботанический сад",
            "number": "209",
            "color": "#efadb5"
        },
        {
            "name": "Румянцево",
            "number": "21",
            "color": "#D92B2C"
        },
        {
            "name": "Ростокино",
            "number": "210",
            "color": "#efadb5"
        },
        {
            "name": "Белокаменная",
            "number": "211",
            "color": "#efadb5"
        },
        {
            "name": "Бульвар Рокоссовского",
            "number": "212",
            "color": "#efadb5"
        },
        {
            "name": "Локомотив",
            "number": "213",
            "color": "#efadb5"
        },
        {
            "name": "Измайлово",
            "number": "214",
            "color": "#efadb5"
        },
        {
            "name": "Соколиная Гора",
            "number": "215",
            "color": "#efadb5"
        },
        {
            "name": "Шоссе Энтузиастов",
            "number": "216",
            "color": "#efadb5"
        },
        {
            "name": "Андроновка",
            "number": "217",
            "color": "#efadb5"
        },
        {
            "name": "Нижегородская",
            "number": "218",
            "color": "#efadb5"
        },
        {
            "name": "Новохохловская",
            "number": "219",
            "color": "#efadb5"
        },
        {
            "name": "Саларьево",
            "number": "22",
            "color": "#D92B2C"
        },
        {
            "name": "Угрешская",
            "number": "220",
            "color": "#efadb5"
        },
        {
            "name": "Дубровка",
            "number": "221",
            "color": "#efadb5"
        },
        {
            "name": "Автозаводская",
            "number": "222",
            "color": "#efadb5"
        },
        {
            "name": "ЗИЛ",
            "number": "223",
            "color": "#efadb5"
        },
        {
            "name": "Верхние Котлы",
            "number": "224",
            "color": "#efadb5"
        },
        {
            "name": "Крымская",
            "number": "225",
            "color": "#efadb5"
        },
        {
            "name": "Площадь Гагарина",
            "number": "226",
            "color": "#efadb5"
        },
        {
            "name": "Лужники",
            "number": "227",
            "color": "#efadb5"
        },
        {
            "name": "Кутузовская",
            "number": "228",
            "color": "#efadb5"
        },
        {
            "name": "Деловой центр",
            "number": "229",
            "color": "#efadb5"
        },
        {
            "name": "Речной вокзал",
            "number": "23",
            "color": "#4DBE52"
        },
        {
            "name": "Шелепиха",
            "number": "230",
            "color": "#efadb5"
        },
        {
            "name": "Хорошёво",
            "number": "231",
            "color": "#efadb5"
        },
        {
            "name": "Зорге",
            "number": "232",
            "color": "#efadb5"
        },
        {
            "name": "Панфиловская",
            "number": "233",
            "color": "#efadb5"
        },
        {
            "name": "Стрешнево",
            "number": "234",
            "color": "#efadb5"
        },
        {
            "name": "Балтийская",
            "number": "235",
            "color": "#efadb5"
        },
        {
            "name": "Коптево",
            "number": "236",
            "color": "#efadb5"
        },
        {
            "name": "Лихоборы",
            "number": "237",
            "color": "#efadb5"
        },
        {
            "name": "Водный стадион",
            "number": "24",
            "color": "#4DBE52"
        },
        {
            "name": "Войковская",
            "number": "25",
            "color": "#4DBE52"
        },
        {
            "name": "Сокол",
            "number": "26",
            "color": "#4DBE52"
        },
        {
            "name": "Аэропорт",
            "number": "27",
            "color": "#4DBE52"
        },
        {
            "name": "Динамо",
            "number": "28",
            "color": "#4DBE52"
        },
        {
            "name": "Белорусская",
            "number": "29",
            "color": "#4DBE52"
        },
        {
            "name": "Преображенская площадь",
            "number": "3",
            "color": "#D92B2C"
        },
        {
            "name": "Маяковская",
            "number": "30",
            "color": "#4DBE52"
        },
        {
            "name": "Тверская",
            "number": "31",
            "color": "#4DBE52"
        },
        {
            "name": "Театральная",
            "number": "32",
            "color": "#4DBE52"
        },
        {
            "name": "Новокузнецкая",
            "number": "33",
            "color": "#4DBE52"
        },
        {
            "name": "Павелецкая",
            "number": "34",
            "color": "#4DBE52"
        },
        {
            "name": "Автозаводская",
            "number": "35",
            "color": "#4DBE52"
        },
        {
            "name": "Технопарк",
            "number": "36",
            "color": "#4DBE52"
        },
        {
            "name": "Коломенская",
            "number": "37",
            "color": "#4DBE52"
        },
        {
            "name": "Каширская",
            "number": "38",
            "color": "#4DBE52"
        },
        {
            "name": "Кантемировская",
            "number": "39",
            "color": "#4DBE52"
        },
        {
            "name": "Сокольники",
            "number": "4",
            "color": "#D92B2C"
        },
        {
            "name": "Царицыно",
            "number": "40",
            "color": "#4DBE52"
        },
        {
            "name": "Орехово",
            "number": "41",
            "color": "#4DBE52"
        },
        {
            "name": "Домодедовская",
            "number": "42",
            "color": "#4DBE52"
        },
        {
            "name": "Красногвардейская",
            "number": "43",
            "color": "#4DBE52"
        },
        {
            "name": "Алма-Атинская",
            "number": "44",
            "color": "#4DBE52"
        },
        {
            "name": "Пятницкое шоссе",
            "number": "45",
            "color": "#2C75C4"
        },
        {
            "name": "Митино",
            "number": "46",
            "color": "#2C75C4"
        },
        {
            "name": "Волоколамская",
            "number": "47",
            "color": "#2C75C4"
        },
        {
            "name": "Мякинино",
            "number": "48",
            "color": "#2C75C4"
        },
        {
            "name": "Строгино",
            "number": "49",
            "color": "#2C75C4"
        },
        {
            "name": "Красносельская",
            "number": "5",
            "color": "#D92B2C"
        },
        {
            "name": "Крылатское",
            "number": "50",
            "color": "#2C75C4"
        },
        {
            "name": "Молодёжная",
            "number": "51",
            "color": "#2C75C4"
        },
        {
            "name": "Кунцевская",
            "number": "52",
            "color": "#2C75C4"
        },
        {
            "name": "Славянский бульвар",
            "number": "53",
            "color": "#2C75C4"
        },
        {
            "name": "Парк Победы",
            "number": "54",
            "color": "#2C75C4"
        },
        {
            "name": "Киевская",
            "number": "55",
            "color": "#2C75C4"
        },
        {
            "name": "Смоленская",
            "number": "56",
            "color": "#2C75C4"
        },
        {
            "name": "Арбатская",
            "number": "57",
            "color": "#2C75C4"
        },
        {
            "name": "Площадь Революции",
            "number": "58",
            "color": "#2C75C4"
        },
        {
            "name": "Курская",
            "number": "59",
            "color": "#2C75C4"
        },
        {
            "name": "Комсомольская",
            "number": "6",
            "color": "#D92B2C"
        },
        {
            "name": "Бауманская",
            "number": "60",
            "color": "#2C75C4"
        },
        {
            "name": "Электрозаводская",
            "number": "61",
            "color": "#2C75C4"
        },
        {
            "name": "Семёновская",
            "number": "62",
            "color": "#2C75C4"
        },
        {
            "name": "Партизанская",
            "number": "63",
            "color": "#2C75C4"
        },
        {
            "name": "Измайловская",
            "number": "64",
            "color": "#2C75C4"
        },
        {
            "name": "Первомайская",
            "number": "65",
            "color": "#2C75C4"
        },
        {
            "name": "Щёлковская",
            "number": "66",
            "color": "#2C75C4"
        },
        {
            "name": "Кунцевская",
            "number": "67",
            "color": "#4DC6F4"
        },
        {
            "name": "Пионерская",
            "number": "68",
            "color": "#4DC6F4"
        },
        {
            "name": "Филёвский парк",
            "number": "69",
            "color": "#4DC6F4"
        },
        {
            "name": "Красные Ворота",
            "number": "7",
            "color": "#D92B2C"
        },
        {
            "name": "Багратионовская",
            "number": "70",
            "color": "#4DC6F4"
        },
        {
            "name": "Фили",
            "number": "71",
            "color": "#4DC6F4"
        },
        {
            "name": "Кутузовская",
            "number": "72",
            "color": "#4DC6F4"
        },
        {
            "name": "Студенческая",
            "number": "73",
            "color": "#4DC6F4"
        },
        {
            "name": "Международная",
            "number": "74",
            "color": "#4DC6F4"
        },
        {
            "name": "Выставочная",
            "number": "75",
            "color": "#4DC6F4"
        },
        {
            "name": "Киевская",
            "number": "76",
            "color": "#4DC6F4"
        },
        {
            "name": "Смоленская",
            "number": "77",
            "color": "#4DC6F4"
        },
        {
            "name": "Арбатская",
            "number": "78",
            "color": "#4DC6F4"
        },
        {
            "name": "Александровский сад",
            "number": "79",
            "color": "#4DC6F4"
        },
        {
            "name": "Чистые пруды",
            "number": "8",
            "color": "#D92B2C"
        },
        {
            "name": "Лубянка",
            "number": "9",
            "color": "#D92B2C"
        },
        {
            "name": "Медведково",
            "number": "92",
            "color": "#F07025"
        },
        {
            "name": "Бабушкинская",
            "number": "93",
            "color": "#F07025"
        },
        {
            "name": "Свиблово",
            "number": "94",
            "color": "#F07025"
        },
        {
            "name": "Ботанический сад",
            "number": "95",
            "color": "#F07025"
        },
        {
            "name": "ВДНХ",
            "number": "96",
            "color": "#F07025"
        },
        {
            "name": "Алексеевская",
            "number": "97",
            "color": "#F07025"
        },
        {
            "name": "Рижская",
            "number": "98",
            "color": "#F07025"
        },
        {
            "name": "Проспект Мира",
            "number": "99",
            "color": "#F07025"
        }
    ]
}
]]></system-out>
  </testcase>
</testsuite>